2018-05-25 21:06:36.046  INFO 11416 --- [main] c.s.s.SweetcartCatalogApplication        : No active profile set, falling back to default profiles: default
2018-05-25 21:06:36.077  INFO 11416 --- [main] ConfigServletWebServerApplicationContext : Refreshing org.springframework.boot.web.servlet.context.AnnotationConfigServletWebServerApplicationContext@13d4992d: startup date [Fri May 25 21:06:36 CEST 2018]; parent: org.springframework.context.annotation.AnnotationConfigApplicationContext@6150c3ec
2018-05-25 21:06:37.009  INFO 11416 --- [main] o.s.b.f.s.DefaultListableBeanFactory     : Overriding bean definition for bean 'cakeShopController' with a different definition: replacing [Generic bean: class [com.sweetcart.sweetcart.controller.CakeShopController]; scope=singleton; abstract=false; lazyInit=false; autowireMode=0; dependencyCheck=0; autowireCandidate=true; primary=false; factoryBeanName=null; factoryMethodName=null; initMethodName=null; destroyMethodName=null; defined in file [C:\Users\Sumejja\Desktop\nwt\CatalogMicroservice\target\classes\com\sweetcart\sweetcart\controller\CakeShopController.class]] with [Root bean: class [null]; scope=; abstract=false; lazyInit=false; autowireMode=3; dependencyCheck=0; autowireCandidate=true; primary=false; factoryBeanName=sweetcartCatalogApplication; factoryMethodName=cakeShopController; initMethodName=null; destroyMethodName=(inferred); defined in com.sweetcart.sweetcart.SweetcartCatalogApplication]
2018-05-25 21:06:37.482  INFO 11416 --- [main] o.s.b.f.s.DefaultListableBeanFactory     : Overriding bean definition for bean 'dataSource' with a different definition: replacing [Root bean: class [null]; scope=refresh; abstract=false; lazyInit=false; autowireMode=3; dependencyCheck=0; autowireCandidate=false; primary=false; factoryBeanName=org.springframework.boot.autoconfigure.jdbc.DataSourceConfiguration$Hikari; factoryMethodName=dataSource; initMethodName=null; destroyMethodName=(inferred); defined in class path resource [org/springframework/boot/autoconfigure/jdbc/DataSourceConfiguration$Hikari.class]] with [Root bean: class [org.springframework.aop.scope.ScopedProxyFactoryBean]; scope=; abstract=false; lazyInit=false; autowireMode=0; dependencyCheck=0; autowireCandidate=true; primary=false; factoryBeanName=null; factoryMethodName=null; initMethodName=null; destroyMethodName=null; defined in BeanDefinition defined in class path resource [org/springframework/boot/autoconfigure/jdbc/DataSourceConfiguration$Hikari.class]]
2018-05-25 21:06:37.706  INFO 11416 --- [main] o.s.cloud.context.scope.GenericScope     : BeanFactory id=ebe3afc6-5f95-357f-846f-e2cb14d4cd03
2018-05-25 21:06:37.738  INFO 11416 --- [main] f.a.AutowiredAnnotationBeanPostProcessor : JSR-330 'javax.inject.Inject' annotation found and supported for autowiring
2018-05-25 21:06:37.825  INFO 11416 --- [main] trationDelegate$BeanPostProcessorChecker : Bean 'org.springframework.amqp.rabbit.annotation.RabbitBootstrapConfiguration' of type [org.springframework.amqp.rabbit.annotation.RabbitBootstrapConfiguration$$EnhancerBySpringCGLIB$$d19375a6] is not eligible for getting processed by all BeanPostProcessors (for example: not eligible for auto-proxying)
2018-05-25 21:06:37.934  INFO 11416 --- [main] trationDelegate$BeanPostProcessorChecker : Bean 'org.springframework.transaction.annotation.ProxyTransactionManagementConfiguration' of type [org.springframework.transaction.annotation.ProxyTransactionManagementConfiguration$$EnhancerBySpringCGLIB$$b27b778] is not eligible for getting processed by all BeanPostProcessors (for example: not eligible for auto-proxying)
2018-05-25 21:06:37.989  INFO 11416 --- [main] trationDelegate$BeanPostProcessorChecker : Bean 'org.springframework.cloud.autoconfigure.ConfigurationPropertiesRebinderAutoConfiguration' of type [org.springframework.cloud.autoconfigure.ConfigurationPropertiesRebinderAutoConfiguration$$EnhancerBySpringCGLIB$$2741ba75] is not eligible for getting processed by all BeanPostProcessors (for example: not eligible for auto-proxying)
2018-05-25 21:06:39.067  INFO 11416 --- [main] o.s.b.w.embedded.tomcat.TomcatWebServer  : Tomcat initialized with port(s): 8093 (http)
2018-05-25 21:06:39.113  INFO 11416 --- [main] o.apache.catalina.core.StandardService   : Starting service [Tomcat]
2018-05-25 21:06:39.113  INFO 11416 --- [main] org.apache.catalina.core.StandardEngine  : Starting Servlet Engine: Apache Tomcat/8.5.28
2018-05-25 21:06:39.129  INFO 11416 --- [localhost-startStop-1] o.a.catalina.core.AprLifecycleListener   : The APR based Apache Tomcat Native library which allows optimal performance in production environments was not found on the java.library.path: [C:\Program Files\Java\jdk1.8.0_131\bin;C:\WINDOWS\Sun\Java\bin;C:\WINDOWS\system32;C:\WINDOWS;C:\Program Files\Docker\Docker\Resources\bin;C:\app\hsumejja\product\12.2.0\client_1;C:\app\hsumejja\product\12.2.0\client_1\bin;C:\app\sumejjah\product\12.2.0\client_1;C:\app\sumejjah\product\12.2.0\client_1\bin;C:\app\sumejjah\product\12.1.0\dbhome_1\bin;C:\WINDOWS\system32;C:\WINDOWS;C:\WINDOWS\System32\Wbem;C:\WINDOWS\System32\WindowsPowerShell\v1.0\;C:\Program Files\MATLAB\R2015b\runtime\win64;C:\Program Files\MATLAB\R2015b\bin;C:\Program Files\MATLAB\R2015b\polyspace\bin;C:\Program Files\Microsoft SQL Server\120\Tools\Binn\;C:\Program Files\Microsoft SQL Server\130\Tools\Binn\;C:\Program Files (x86)\GtkSharp\2.12\bin;C:\Program Files\MySQL\MySQL Utilities 1.6\;C:\Program Files\nodejs\;C:\Program Files\dotnet\;C:\Users\Sumejja\.dnx\bin;C:\Program Files\Microsoft DNX\Dnvm\;C:\TDM-GCC-64\bin;C:\Program Files (x86)\Yarn\bin\;C:\Program Files (x86)\Java\jdk1.8.0_152\bin;C:\apache-maven-3.5.3\bin;C:\Program Files\MATLAB\MATLAB Runtime\v92\runtime\win64;C:\RailsInstaller\Git\cmd;C:\RailsInstaller\Ruby2.2.0\bin;C:\Users\Sumejja\AppData\Local\Programs\Python\Python36-32\Scripts\;C:\Users\Sumejja\AppData\Local\Programs\Python\Python36-32\;C:\Users\Sumejja\AppData\Local\Microsoft\WindowsApps;C:\Users\Sumejja\AppData\Roaming\npm;C:\Python27\;C:\Python27\Scripts;C:\Users\Sumejja\AppData\Local\Yarn\bin;C:\Program Files (x86)\Java\jdk1.8.0_152\bin;;.]
2018-05-25 21:06:39.457  INFO 11416 --- [localhost-startStop-1] o.a.c.c.C.[Tomcat].[localhost].[/]       : Initializing Spring embedded WebApplicationContext
2018-05-25 21:06:39.457  INFO 11416 --- [localhost-startStop-1] o.s.web.context.ContextLoader            : Root WebApplicationContext: initialization completed in 3380 ms
2018-05-25 21:06:39.677  INFO 11416 --- [localhost-startStop-1] o.s.b.w.servlet.ServletRegistrationBean  : Servlet dispatcherServlet mapped to [/]
2018-05-25 21:06:39.686  INFO 11416 --- [localhost-startStop-1] o.s.b.w.servlet.FilterRegistrationBean   : Mapping filter: 'characterEncodingFilter' to: [/*]
2018-05-25 21:06:39.687  INFO 11416 --- [localhost-startStop-1] o.s.b.w.servlet.FilterRegistrationBean   : Mapping filter: 'hiddenHttpMethodFilter' to: [/*]
2018-05-25 21:06:39.687  INFO 11416 --- [localhost-startStop-1] o.s.b.w.servlet.FilterRegistrationBean   : Mapping filter: 'httpPutFormContentFilter' to: [/*]
2018-05-25 21:06:39.687  INFO 11416 --- [localhost-startStop-1] o.s.b.w.servlet.FilterRegistrationBean   : Mapping filter: 'requestContextFilter' to: [/*]
2018-05-25 21:06:40.111  INFO 11416 --- [main] com.zaxxer.hikari.HikariDataSource       : HikariPool-1 - Starting...
2018-05-25 21:06:40.538  INFO 11416 --- [main] com.zaxxer.hikari.HikariDataSource       : HikariPool-1 - Start completed.
2018-05-25 21:06:40.975  INFO 11416 --- [main] j.LocalContainerEntityManagerFactoryBean : Building JPA container EntityManagerFactory for persistence unit 'default'
2018-05-25 21:06:41.068  INFO 11416 --- [main] o.hibernate.jpa.internal.util.LogHelper  : HHH000204: Processing PersistenceUnitInfo [
	name: default
	...]
2018-05-25 21:06:41.303  INFO 11416 --- [main] org.hibernate.Version                    : HHH000412: Hibernate Core {5.2.14.Final}
2018-05-25 21:06:41.303  INFO 11416 --- [main] org.hibernate.cfg.Environment            : HHH000206: hibernate.properties not found
2018-05-25 21:06:41.412  INFO 11416 --- [main] o.hibernate.annotations.common.Version   : HCANN000001: Hibernate Commons Annotations {5.0.1.Final}
2018-05-25 21:06:41.689  INFO 11416 --- [main] org.hibernate.dialect.Dialect            : HHH000400: Using dialect: org.hibernate.dialect.MySQL5Dialect
2018-05-25 21:06:42.806  INFO 11416 --- [main] j.LocalContainerEntityManagerFactoryBean : Initialized JPA EntityManagerFactory for persistence unit 'default'
2018-05-25 21:06:44.800  WARN 11416 --- [main] c.n.c.sources.URLConfigurationSource     : No URLs will be polled as dynamic configuration sources.
2018-05-25 21:06:44.800  INFO 11416 --- [main] c.n.c.sources.URLConfigurationSource     : To enable URLs as dynamic configuration sources, define System property archaius.configurationSource.additionalUrls or make config.properties available on classpath.
2018-05-25 21:06:44.816  WARN 11416 --- [main] c.n.c.sources.URLConfigurationSource     : No URLs will be polled as dynamic configuration sources.
2018-05-25 21:06:44.816  INFO 11416 --- [main] c.n.c.sources.URLConfigurationSource     : To enable URLs as dynamic configuration sources, define System property archaius.configurationSource.additionalUrls or make config.properties available on classpath.
2018-05-25 21:06:45.288  INFO 11416 --- [main] s.w.s.m.m.a.RequestMappingHandlerAdapter : Looking for @ControllerAdvice: org.springframework.boot.web.servlet.context.AnnotationConfigServletWebServerApplicationContext@13d4992d: startup date [Fri May 25 21:06:36 CEST 2018]; parent: org.springframework.context.annotation.AnnotationConfigApplicationContext@6150c3ec
2018-05-25 21:06:45.335  WARN 11416 --- [main] aWebConfiguration$JpaWebMvcConfiguration : spring.jpa.open-in-view is enabled by default. Therefore, database queries may be performed during view rendering. Explicitly configure spring.jpa.open-in-view to disable this warning
2018-05-25 21:06:45.398  INFO 11416 --- [main] s.w.s.m.m.a.RequestMappingHandlerMapping : Mapped "{[/cakeshops/{id}],methods=[PUT]}" onto public org.springframework.http.ResponseEntity<?> com.sweetcart.sweetcart.controller.CakeShopController.editCakeShop(long,com.sweetcart.sweetcart.entity.CakeShop)
2018-05-25 21:06:45.398  INFO 11416 --- [main] s.w.s.m.m.a.RequestMappingHandlerMapping : Mapped "{[/cakeshops/add],methods=[POST]}" onto public org.springframework.http.ResponseEntity<?> com.sweetcart.sweetcart.controller.CakeShopController.createCakeShop(com.sweetcart.sweetcart.entity.CakeShop,org.springframework.web.util.UriComponentsBuilder)
2018-05-25 21:06:45.398  INFO 11416 --- [main] s.w.s.m.m.a.RequestMappingHandlerMapping : Mapped "{[/cakeshops/{id}],methods=[DELETE]}" onto public org.springframework.http.ResponseEntity<?> com.sweetcart.sweetcart.controller.CakeShopController.deleteCakeShop(long)
2018-05-25 21:06:45.398  INFO 11416 --- [main] s.w.s.m.m.a.RequestMappingHandlerMapping : Mapped "{[/cakeshops],methods=[DELETE]}" onto public org.springframework.http.ResponseEntity<com.sweetcart.sweetcart.entity.CakeShop> com.sweetcart.sweetcart.controller.CakeShopController.deleteAll()
2018-05-25 21:06:45.398  INFO 11416 --- [main] s.w.s.m.m.a.RequestMappingHandlerMapping : Mapped "{[/cakeshops/all],methods=[GET]}" onto public org.springframework.http.ResponseEntity<java.util.Collection<com.sweetcart.sweetcart.entity.CakeShop>> com.sweetcart.sweetcart.controller.CakeShopController.findAll()
2018-05-25 21:06:45.398  INFO 11416 --- [main] s.w.s.m.m.a.RequestMappingHandlerMapping : Mapped "{[/cakeshops/{cakeshopId}],methods=[GET]}" onto org.springframework.http.ResponseEntity<?> com.sweetcart.sweetcart.controller.CakeShopController.getCakeShop(java.lang.Long)
2018-05-25 21:06:45.413  INFO 11416 --- [main] s.w.s.m.m.a.RequestMappingHandlerMapping : Mapped "{[/offers],methods=[DELETE]}" onto public org.springframework.http.ResponseEntity<com.sweetcart.sweetcart.entity.Offer> com.sweetcart.sweetcart.controller.OfferController.deleteAll()
2018-05-25 21:06:45.413  INFO 11416 --- [main] s.w.s.m.m.a.RequestMappingHandlerMapping : Mapped "{[/offers/all],methods=[GET]}" onto public org.springframework.http.ResponseEntity<java.util.Collection<com.sweetcart.sweetcart.entity.Offer>> com.sweetcart.sweetcart.controller.OfferController.findAll()
2018-05-25 21:06:45.413  INFO 11416 --- [main] s.w.s.m.m.a.RequestMappingHandlerMapping : Mapped "{[/offers/{offerId}],methods=[GET]}" onto org.springframework.http.ResponseEntity<?> com.sweetcart.sweetcart.controller.OfferController.getOffer(java.lang.Long)
2018-05-25 21:06:45.413  INFO 11416 --- [main] s.w.s.m.m.a.RequestMappingHandlerMapping : Mapped "{[/offers/{id}],methods=[PUT]}" onto public org.springframework.http.ResponseEntity<?> com.sweetcart.sweetcart.controller.OfferController.editOffer(long,com.sweetcart.sweetcart.entity.Offer)
2018-05-25 21:06:45.413  INFO 11416 --- [main] s.w.s.m.m.a.RequestMappingHandlerMapping : Mapped "{[/offers/send]}" onto public java.lang.String com.sweetcart.sweetcart.controller.OfferController.sendMsg(java.lang.String)
2018-05-25 21:06:45.413  INFO 11416 --- [main] s.w.s.m.m.a.RequestMappingHandlerMapping : Mapped "{[/offers/add],methods=[POST]}" onto public org.springframework.http.ResponseEntity<?> com.sweetcart.sweetcart.controller.OfferController.createOffer(com.sweetcart.sweetcart.entity.Offer,org.springframework.web.util.UriComponentsBuilder)
2018-05-25 21:06:45.413  INFO 11416 --- [main] s.w.s.m.m.a.RequestMappingHandlerMapping : Mapped "{[/offers/{id}],methods=[DELETE]}" onto public org.springframework.http.ResponseEntity<?> com.sweetcart.sweetcart.controller.OfferController.deleteOffer(long)
2018-05-25 21:06:45.413  INFO 11416 --- [main] s.w.s.m.m.a.RequestMappingHandlerMapping : Mapped "{[/error]}" onto public org.springframework.http.ResponseEntity<java.util.Map<java.lang.String, java.lang.Object>> org.springframework.boot.autoconfigure.web.servlet.error.BasicErrorController.error(javax.servlet.http.HttpServletRequest)
2018-05-25 21:06:45.413  INFO 11416 --- [main] s.w.s.m.m.a.RequestMappingHandlerMapping : Mapped "{[/error],produces=[text/html]}" onto public org.springframework.web.servlet.ModelAndView org.springframework.boot.autoconfigure.web.servlet.error.BasicErrorController.errorHtml(javax.servlet.http.HttpServletRequest,javax.servlet.http.HttpServletResponse)
2018-05-25 21:06:45.491  INFO 11416 --- [main] o.s.w.s.handler.SimpleUrlHandlerMapping  : Mapped URL path [/webjars/**] onto handler of type [class org.springframework.web.servlet.resource.ResourceHttpRequestHandler]
2018-05-25 21:06:45.491  INFO 11416 --- [main] o.s.w.s.handler.SimpleUrlHandlerMapping  : Mapped URL path [/**] onto handler of type [class org.springframework.web.servlet.resource.ResourceHttpRequestHandler]
2018-05-25 21:06:45.569  INFO 11416 --- [main] o.s.w.s.handler.SimpleUrlHandlerMapping  : Mapped URL path [/**/favicon.ico] onto handler of type [class org.springframework.web.servlet.resource.ResourceHttpRequestHandler]
2018-05-25 21:06:46.420  INFO 11416 --- [main] o.s.j.e.a.AnnotationMBeanExporter        : Registering beans for JMX exposure on startup
2018-05-25 21:06:46.420  INFO 11416 --- [main] o.s.j.e.a.AnnotationMBeanExporter        : Bean with name 'dataSource' has been autodetected for JMX exposure
2018-05-25 21:06:46.436  INFO 11416 --- [main] o.s.j.e.a.AnnotationMBeanExporter        : Bean with name 'rabbitConnectionFactory' has been autodetected for JMX exposure
2018-05-25 21:06:46.436  INFO 11416 --- [main] o.s.j.e.a.AnnotationMBeanExporter        : Bean with name 'configurationPropertiesRebinder' has been autodetected for JMX exposure
2018-05-25 21:06:46.436  INFO 11416 --- [main] o.s.j.e.a.AnnotationMBeanExporter        : Bean with name 'environmentManager' has been autodetected for JMX exposure
2018-05-25 21:06:46.436  INFO 11416 --- [main] o.s.j.e.a.AnnotationMBeanExporter        : Bean with name 'refreshScope' has been autodetected for JMX exposure
2018-05-25 21:06:46.451  INFO 11416 --- [main] o.s.j.e.a.AnnotationMBeanExporter        : Located managed bean 'environmentManager': registering with JMX server as MBean [org.springframework.cloud.context.environment:name=environmentManager,type=EnvironmentManager]
2018-05-25 21:06:46.467  INFO 11416 --- [main] o.s.j.e.a.AnnotationMBeanExporter        : Located managed bean 'refreshScope': registering with JMX server as MBean [org.springframework.cloud.context.scope.refresh:name=refreshScope,type=RefreshScope]
2018-05-25 21:06:46.482  INFO 11416 --- [main] o.s.j.e.a.AnnotationMBeanExporter        : Located managed bean 'configurationPropertiesRebinder': registering with JMX server as MBean [org.springframework.cloud.context.properties:name=configurationPropertiesRebinder,context=13d4992d,type=ConfigurationPropertiesRebinder]
2018-05-25 21:06:46.482  INFO 11416 --- [main] o.s.j.e.a.AnnotationMBeanExporter        : Located MBean 'dataSource': registering with JMX server as MBean [com.zaxxer.hikari:name=dataSource,type=HikariDataSource]
2018-05-25 21:06:46.498  INFO 11416 --- [main] o.s.j.e.a.AnnotationMBeanExporter        : Located managed bean 'rabbitConnectionFactory': registering with JMX server as MBean [org.springframework.amqp.rabbit.connection:name=rabbitConnectionFactory,type=CachingConnectionFactory]
2018-05-25 21:06:46.514  INFO 11416 --- [main] o.s.c.support.DefaultLifecycleProcessor  : Starting beans in phase 0
2018-05-25 21:06:46.529  INFO 11416 --- [main] o.s.c.n.eureka.InstanceInfoFactory       : Setting initial instance status as: STARTING
2018-05-25 21:06:46.680  INFO 11416 --- [main] com.netflix.discovery.DiscoveryClient    : Initializing Eureka in region us-east-1
2018-05-25 21:06:48.006  INFO 11416 --- [main] c.n.d.provider.DiscoveryJerseyProvider   : Using JSON encoding codec LegacyJacksonJson
2018-05-25 21:06:48.006  INFO 11416 --- [main] c.n.d.provider.DiscoveryJerseyProvider   : Using JSON decoding codec LegacyJacksonJson
2018-05-25 21:06:48.349  INFO 11416 --- [main] c.n.d.provider.DiscoveryJerseyProvider   : Using XML encoding codec XStreamXml
2018-05-25 21:06:48.349  INFO 11416 --- [main] c.n.d.provider.DiscoveryJerseyProvider   : Using XML decoding codec XStreamXml
2018-05-25 21:06:48.755  INFO 11416 --- [main] c.n.d.s.r.aws.ConfigClusterResolver      : Resolving eureka endpoints via configuration
2018-05-25 21:06:49.124  INFO 11416 --- [main] com.netflix.discovery.DiscoveryClient    : Disable delta property : false
2018-05-25 21:06:49.124  INFO 11416 --- [main] com.netflix.discovery.DiscoveryClient    : Single vip registry refresh property : null
2018-05-25 21:06:49.124  INFO 11416 --- [main] com.netflix.discovery.DiscoveryClient    : Force full registry fetch : false
2018-05-25 21:06:49.124  INFO 11416 --- [main] com.netflix.discovery.DiscoveryClient    : Application is null : false
2018-05-25 21:06:49.124  INFO 11416 --- [main] com.netflix.discovery.DiscoveryClient    : Registered Applications size is zero : true
2018-05-25 21:06:49.124  INFO 11416 --- [main] com.netflix.discovery.DiscoveryClient    : Application version is -1: true
2018-05-25 21:06:49.124  INFO 11416 --- [main] com.netflix.discovery.DiscoveryClient    : Getting all instance registry info from the eureka server
2018-05-25 21:06:50.479  INFO 11416 --- [main] com.netflix.discovery.DiscoveryClient    : The response status is 200
2018-05-25 21:06:50.479  INFO 11416 --- [main] com.netflix.discovery.DiscoveryClient    : Starting heartbeat executor: renew interval is: 30
2018-05-25 21:06:50.494  INFO 11416 --- [main] c.n.discovery.InstanceInfoReplicator     : InstanceInfoReplicator onDemand update allowed rate per min is 4
2018-05-25 21:06:50.525  INFO 11416 --- [main] com.netflix.discovery.DiscoveryClient    : Discovery Client initialized at timestamp 1527275210494 with initial instances count: 2
2018-05-25 21:06:50.541  INFO 11416 --- [main] o.s.c.n.e.s.EurekaServiceRegistry        : Registering application CatalogMicroservice-service-client with eureka with status UP
2018-05-25 21:06:50.541  INFO 11416 --- [main] com.netflix.discovery.DiscoveryClient    : Saw local status change event StatusChangeEvent [timestamp=1527275210541, current=UP, previous=STARTING]
2018-05-25 21:06:50.541  INFO 11416 --- [DiscoveryClient-InstanceInfoReplicator-0] com.netflix.discovery.DiscoveryClient    : DiscoveryClient_CATALOGMICROSERVICE-SERVICE-CLIENT/DESKTOP-HEM34FV:CatalogMicroservice-service-client:8093: registering service...
2018-05-25 21:06:50.541  INFO 11416 --- [main] o.s.c.support.DefaultLifecycleProcessor  : Starting beans in phase 2147483647
2018-05-25 21:06:51.080  INFO 11416 --- [main] o.s.b.w.embedded.tomcat.TomcatWebServer  : Tomcat started on port(s): 8093 (http) with context path ''
2018-05-25 21:06:51.080  INFO 11416 --- [main] .s.c.n.e.s.EurekaAutoServiceRegistration : Updating port to 8093
2018-05-25 21:06:51.142  INFO 11416 --- [main] c.s.s.SweetcartCatalogApplication        : Started SweetcartCatalogApplication in 23.234 seconds (JVM running for 25.818)
2018-05-25 21:06:51.220  INFO 11416 --- [DiscoveryClient-InstanceInfoReplicator-0] com.netflix.discovery.DiscoveryClient    : DiscoveryClient_CATALOGMICROSERVICE-SERVICE-CLIENT/DESKTOP-HEM34FV:CatalogMicroservice-service-client:8093 - registration status: 204
2018-05-25 21:11:49.133  INFO 11416 --- [AsyncResolver-bootstrap-executor-0] c.n.d.s.r.aws.ConfigClusterResolver      : Resolving eureka endpoints via configuration
2018-05-25 21:16:49.137  INFO 11416 --- [AsyncResolver-bootstrap-executor-0] c.n.d.s.r.aws.ConfigClusterResolver      : Resolving eureka endpoints via configuration
2018-05-25 21:21:49.144  INFO 11416 --- [AsyncResolver-bootstrap-executor-0] c.n.d.s.r.aws.ConfigClusterResolver      : Resolving eureka endpoints via configuration
2018-05-25 21:24:03.314  INFO 13740 --- [main] c.s.s.SweetcartCatalogApplication        : No active profile set, falling back to default profiles: default
2018-05-25 21:24:03.329  INFO 13740 --- [main] ConfigServletWebServerApplicationContext : Refreshing org.springframework.boot.web.servlet.context.AnnotationConfigServletWebServerApplicationContext@21129f1f: startup date [Fri May 25 21:24:03 CEST 2018]; parent: org.springframework.context.annotation.AnnotationConfigApplicationContext@139982de
2018-05-25 21:24:04.137  INFO 13740 --- [main] o.s.b.f.s.DefaultListableBeanFactory     : Overriding bean definition for bean 'cakeShopController' with a different definition: replacing [Generic bean: class [com.sweetcart.sweetcart.controller.CakeShopController]; scope=singleton; abstract=false; lazyInit=false; autowireMode=0; dependencyCheck=0; autowireCandidate=true; primary=false; factoryBeanName=null; factoryMethodName=null; initMethodName=null; destroyMethodName=null; defined in file [C:\Users\Sumejja\Desktop\nwt\CatalogMicroservice\target\classes\com\sweetcart\sweetcart\controller\CakeShopController.class]] with [Root bean: class [null]; scope=; abstract=false; lazyInit=false; autowireMode=3; dependencyCheck=0; autowireCandidate=true; primary=false; factoryBeanName=sweetcartCatalogApplication; factoryMethodName=cakeShopController; initMethodName=null; destroyMethodName=(inferred); defined in com.sweetcart.sweetcart.SweetcartCatalogApplication]
2018-05-25 21:24:04.608  INFO 13740 --- [main] o.s.b.f.s.DefaultListableBeanFactory     : Overriding bean definition for bean 'dataSource' with a different definition: replacing [Root bean: class [null]; scope=refresh; abstract=false; lazyInit=false; autowireMode=3; dependencyCheck=0; autowireCandidate=false; primary=false; factoryBeanName=org.springframework.boot.autoconfigure.jdbc.DataSourceConfiguration$Hikari; factoryMethodName=dataSource; initMethodName=null; destroyMethodName=(inferred); defined in class path resource [org/springframework/boot/autoconfigure/jdbc/DataSourceConfiguration$Hikari.class]] with [Root bean: class [org.springframework.aop.scope.ScopedProxyFactoryBean]; scope=; abstract=false; lazyInit=false; autowireMode=0; dependencyCheck=0; autowireCandidate=true; primary=false; factoryBeanName=null; factoryMethodName=null; initMethodName=null; destroyMethodName=null; defined in BeanDefinition defined in class path resource [org/springframework/boot/autoconfigure/jdbc/DataSourceConfiguration$Hikari.class]]
2018-05-25 21:24:04.954  INFO 13740 --- [main] o.s.cloud.context.scope.GenericScope     : BeanFactory id=ebe3afc6-5f95-357f-846f-e2cb14d4cd03
2018-05-25 21:24:04.985  INFO 13740 --- [main] f.a.AutowiredAnnotationBeanPostProcessor : JSR-330 'javax.inject.Inject' annotation found and supported for autowiring
2018-05-25 21:24:05.063  INFO 13740 --- [main] trationDelegate$BeanPostProcessorChecker : Bean 'org.springframework.amqp.rabbit.annotation.RabbitBootstrapConfiguration' of type [org.springframework.amqp.rabbit.annotation.RabbitBootstrapConfiguration$$EnhancerBySpringCGLIB$$b76b6d41] is not eligible for getting processed by all BeanPostProcessors (for example: not eligible for auto-proxying)
2018-05-25 21:24:05.173  INFO 13740 --- [main] trationDelegate$BeanPostProcessorChecker : Bean 'org.springframework.transaction.annotation.ProxyTransactionManagementConfiguration' of type [org.springframework.transaction.annotation.ProxyTransactionManagementConfiguration$$EnhancerBySpringCGLIB$$f0ffaf13] is not eligible for getting processed by all BeanPostProcessors (for example: not eligible for auto-proxying)
2018-05-25 21:24:05.235  INFO 13740 --- [main] trationDelegate$BeanPostProcessorChecker : Bean 'org.springframework.cloud.autoconfigure.ConfigurationPropertiesRebinderAutoConfiguration' of type [org.springframework.cloud.autoconfigure.ConfigurationPropertiesRebinderAutoConfiguration$$EnhancerBySpringCGLIB$$d19b210] is not eligible for getting processed by all BeanPostProcessors (for example: not eligible for auto-proxying)
2018-05-25 21:24:06.503  INFO 13740 --- [main] o.s.b.w.embedded.tomcat.TomcatWebServer  : Tomcat initialized with port(s): 8093 (http)
2018-05-25 21:24:06.550  INFO 13740 --- [main] o.apache.catalina.core.StandardService   : Starting service [Tomcat]
2018-05-25 21:24:06.550  INFO 13740 --- [main] org.apache.catalina.core.StandardEngine  : Starting Servlet Engine: Apache Tomcat/8.5.28
2018-05-25 21:24:06.566  INFO 13740 --- [localhost-startStop-1] o.a.catalina.core.AprLifecycleListener   : The APR based Apache Tomcat Native library which allows optimal performance in production environments was not found on the java.library.path: [C:\Program Files\Java\jdk1.8.0_131\bin;C:\WINDOWS\Sun\Java\bin;C:\WINDOWS\system32;C:\WINDOWS;C:\Program Files\Docker\Docker\Resources\bin;C:\app\hsumejja\product\12.2.0\client_1;C:\app\hsumejja\product\12.2.0\client_1\bin;C:\app\sumejjah\product\12.2.0\client_1;C:\app\sumejjah\product\12.2.0\client_1\bin;C:\app\sumejjah\product\12.1.0\dbhome_1\bin;C:\WINDOWS\system32;C:\WINDOWS;C:\WINDOWS\System32\Wbem;C:\WINDOWS\System32\WindowsPowerShell\v1.0\;C:\Program Files\MATLAB\R2015b\runtime\win64;C:\Program Files\MATLAB\R2015b\bin;C:\Program Files\MATLAB\R2015b\polyspace\bin;C:\Program Files\Microsoft SQL Server\120\Tools\Binn\;C:\Program Files\Microsoft SQL Server\130\Tools\Binn\;C:\Program Files (x86)\GtkSharp\2.12\bin;C:\Program Files\MySQL\MySQL Utilities 1.6\;C:\Program Files\nodejs\;C:\Program Files\dotnet\;C:\Users\Sumejja\.dnx\bin;C:\Program Files\Microsoft DNX\Dnvm\;C:\TDM-GCC-64\bin;C:\Program Files (x86)\Yarn\bin\;C:\Program Files (x86)\Java\jdk1.8.0_152\bin;C:\apache-maven-3.5.3\bin;C:\Program Files\MATLAB\MATLAB Runtime\v92\runtime\win64;C:\RailsInstaller\Git\cmd;C:\RailsInstaller\Ruby2.2.0\bin;C:\Users\Sumejja\AppData\Local\Programs\Python\Python36-32\Scripts\;C:\Users\Sumejja\AppData\Local\Programs\Python\Python36-32\;C:\Users\Sumejja\AppData\Local\Microsoft\WindowsApps;C:\Users\Sumejja\AppData\Roaming\npm;C:\Python27\;C:\Python27\Scripts;C:\Users\Sumejja\AppData\Local\Yarn\bin;C:\Program Files (x86)\Java\jdk1.8.0_152\bin;;.]
2018-05-25 21:24:06.840  INFO 13740 --- [localhost-startStop-1] o.a.c.c.C.[Tomcat].[localhost].[/]       : Initializing Spring embedded WebApplicationContext
2018-05-25 21:24:06.840  INFO 13740 --- [localhost-startStop-1] o.s.web.context.ContextLoader            : Root WebApplicationContext: initialization completed in 3511 ms
2018-05-25 21:24:07.052  INFO 13740 --- [localhost-startStop-1] o.s.b.w.servlet.ServletRegistrationBean  : Servlet dispatcherServlet mapped to [/]
2018-05-25 21:24:07.068  INFO 13740 --- [localhost-startStop-1] o.s.b.w.servlet.FilterRegistrationBean   : Mapping filter: 'characterEncodingFilter' to: [/*]
2018-05-25 21:24:07.068  INFO 13740 --- [localhost-startStop-1] o.s.b.w.servlet.FilterRegistrationBean   : Mapping filter: 'hiddenHttpMethodFilter' to: [/*]
2018-05-25 21:24:07.068  INFO 13740 --- [localhost-startStop-1] o.s.b.w.servlet.FilterRegistrationBean   : Mapping filter: 'httpPutFormContentFilter' to: [/*]
2018-05-25 21:24:07.068  INFO 13740 --- [localhost-startStop-1] o.s.b.w.servlet.FilterRegistrationBean   : Mapping filter: 'requestContextFilter' to: [/*]
2018-05-25 21:24:07.892  INFO 13740 --- [main] com.zaxxer.hikari.HikariDataSource       : HikariPool-1 - Starting...
2018-05-25 21:24:08.327  INFO 13740 --- [main] com.zaxxer.hikari.HikariDataSource       : HikariPool-1 - Start completed.
2018-05-25 21:24:08.806  INFO 13740 --- [main] j.LocalContainerEntityManagerFactoryBean : Building JPA container EntityManagerFactory for persistence unit 'default'
2018-05-25 21:24:08.931  INFO 13740 --- [main] o.hibernate.jpa.internal.util.LogHelper  : HHH000204: Processing PersistenceUnitInfo [
	name: default
	...]
2018-05-25 21:24:09.850  INFO 13740 --- [main] org.hibernate.Version                    : HHH000412: Hibernate Core {5.2.14.Final}
2018-05-25 21:24:09.850  INFO 13740 --- [main] org.hibernate.cfg.Environment            : HHH000206: hibernate.properties not found
2018-05-25 21:24:10.038  INFO 13740 --- [main] o.hibernate.annotations.common.Version   : HCANN000001: Hibernate Commons Annotations {5.0.1.Final}
2018-05-25 21:24:10.695  INFO 13740 --- [main] org.hibernate.dialect.Dialect            : HHH000400: Using dialect: org.hibernate.dialect.MySQL5Dialect
2018-05-25 21:24:11.862  INFO 13740 --- [main] j.LocalContainerEntityManagerFactoryBean : Initialized JPA EntityManagerFactory for persistence unit 'default'
2018-05-25 21:24:13.926  WARN 13740 --- [main] c.n.c.sources.URLConfigurationSource     : No URLs will be polled as dynamic configuration sources.
2018-05-25 21:24:13.926  INFO 13740 --- [main] c.n.c.sources.URLConfigurationSource     : To enable URLs as dynamic configuration sources, define System property archaius.configurationSource.additionalUrls or make config.properties available on classpath.
2018-05-25 21:24:13.942  WARN 13740 --- [main] c.n.c.sources.URLConfigurationSource     : No URLs will be polled as dynamic configuration sources.
2018-05-25 21:24:13.942  INFO 13740 --- [main] c.n.c.sources.URLConfigurationSource     : To enable URLs as dynamic configuration sources, define System property archaius.configurationSource.additionalUrls or make config.properties available on classpath.
2018-05-25 21:24:14.395  INFO 13740 --- [main] s.w.s.m.m.a.RequestMappingHandlerAdapter : Looking for @ControllerAdvice: org.springframework.boot.web.servlet.context.AnnotationConfigServletWebServerApplicationContext@21129f1f: startup date [Fri May 25 21:24:03 CEST 2018]; parent: org.springframework.context.annotation.AnnotationConfigApplicationContext@139982de
2018-05-25 21:24:14.488  WARN 13740 --- [main] aWebConfiguration$JpaWebMvcConfiguration : spring.jpa.open-in-view is enabled by default. Therefore, database queries may be performed during view rendering. Explicitly configure spring.jpa.open-in-view to disable this warning
2018-05-25 21:24:14.551  INFO 13740 --- [main] s.w.s.m.m.a.RequestMappingHandlerMapping : Mapped "{[/cakeshops/{cakeshopId}],methods=[GET]}" onto org.springframework.http.ResponseEntity<?> com.sweetcart.sweetcart.controller.CakeShopController.getCakeShop(java.lang.Long)
2018-05-25 21:24:14.567  INFO 13740 --- [main] s.w.s.m.m.a.RequestMappingHandlerMapping : Mapped "{[/cakeshops],methods=[DELETE]}" onto public org.springframework.http.ResponseEntity<com.sweetcart.sweetcart.entity.CakeShop> com.sweetcart.sweetcart.controller.CakeShopController.deleteAll()
2018-05-25 21:24:14.567  INFO 13740 --- [main] s.w.s.m.m.a.RequestMappingHandlerMapping : Mapped "{[/cakeshops/add],methods=[POST]}" onto public org.springframework.http.ResponseEntity<?> com.sweetcart.sweetcart.controller.CakeShopController.createCakeShop(com.sweetcart.sweetcart.entity.CakeShop,org.springframework.web.util.UriComponentsBuilder)
2018-05-25 21:24:14.567  INFO 13740 --- [main] s.w.s.m.m.a.RequestMappingHandlerMapping : Mapped "{[/cakeshops/{id}],methods=[PUT]}" onto public org.springframework.http.ResponseEntity<?> com.sweetcart.sweetcart.controller.CakeShopController.editCakeShop(long,com.sweetcart.sweetcart.entity.CakeShop)
2018-05-25 21:24:14.567  INFO 13740 --- [main] s.w.s.m.m.a.RequestMappingHandlerMapping : Mapped "{[/cakeshops/all],methods=[GET]}" onto public org.springframework.http.ResponseEntity<java.util.Collection<com.sweetcart.sweetcart.entity.CakeShop>> com.sweetcart.sweetcart.controller.CakeShopController.findAll()
2018-05-25 21:24:14.567  INFO 13740 --- [main] s.w.s.m.m.a.RequestMappingHandlerMapping : Mapped "{[/cakeshops/{id}],methods=[DELETE]}" onto public org.springframework.http.ResponseEntity<?> com.sweetcart.sweetcart.controller.CakeShopController.deleteCakeShop(long)
2018-05-25 21:24:14.582  INFO 13740 --- [main] s.w.s.m.m.a.RequestMappingHandlerMapping : Mapped "{[/offers],methods=[DELETE]}" onto public org.springframework.http.ResponseEntity<com.sweetcart.sweetcart.entity.Offer> com.sweetcart.sweetcart.controller.OfferController.deleteAll()
2018-05-25 21:24:14.582  INFO 13740 --- [main] s.w.s.m.m.a.RequestMappingHandlerMapping : Mapped "{[/offers/all],methods=[GET]}" onto public org.springframework.http.ResponseEntity<java.util.Collection<com.sweetcart.sweetcart.entity.Offer>> com.sweetcart.sweetcart.controller.OfferController.findAll()
2018-05-25 21:24:14.582  INFO 13740 --- [main] s.w.s.m.m.a.RequestMappingHandlerMapping : Mapped "{[/offers/send]}" onto public java.lang.String com.sweetcart.sweetcart.controller.OfferController.sendMsg(java.lang.String)
2018-05-25 21:24:14.582  INFO 13740 --- [main] s.w.s.m.m.a.RequestMappingHandlerMapping : Mapped "{[/offers/add],methods=[POST]}" onto public org.springframework.http.ResponseEntity<?> com.sweetcart.sweetcart.controller.OfferController.createOffer(com.sweetcart.sweetcart.entity.Offer,org.springframework.web.util.UriComponentsBuilder)
2018-05-25 21:24:14.582  INFO 13740 --- [main] s.w.s.m.m.a.RequestMappingHandlerMapping : Mapped "{[/offers/{id}],methods=[DELETE]}" onto public org.springframework.http.ResponseEntity<?> com.sweetcart.sweetcart.controller.OfferController.deleteOffer(long)
2018-05-25 21:24:14.582  INFO 13740 --- [main] s.w.s.m.m.a.RequestMappingHandlerMapping : Mapped "{[/offers/{offerId}],methods=[GET]}" onto org.springframework.http.ResponseEntity<?> com.sweetcart.sweetcart.controller.OfferController.getOffer(java.lang.Long)
2018-05-25 21:24:14.582  INFO 13740 --- [main] s.w.s.m.m.a.RequestMappingHandlerMapping : Mapped "{[/offers/{id}],methods=[PUT]}" onto public org.springframework.http.ResponseEntity<?> com.sweetcart.sweetcart.controller.OfferController.editOffer(long,com.sweetcart.sweetcart.entity.Offer)
2018-05-25 21:24:14.582  INFO 13740 --- [main] s.w.s.m.m.a.RequestMappingHandlerMapping : Mapped "{[/error]}" onto public org.springframework.http.ResponseEntity<java.util.Map<java.lang.String, java.lang.Object>> org.springframework.boot.autoconfigure.web.servlet.error.BasicErrorController.error(javax.servlet.http.HttpServletRequest)
2018-05-25 21:24:14.582  INFO 13740 --- [main] s.w.s.m.m.a.RequestMappingHandlerMapping : Mapped "{[/error],produces=[text/html]}" onto public org.springframework.web.servlet.ModelAndView org.springframework.boot.autoconfigure.web.servlet.error.BasicErrorController.errorHtml(javax.servlet.http.HttpServletRequest,javax.servlet.http.HttpServletResponse)
2018-05-25 21:24:14.660  INFO 13740 --- [main] o.s.w.s.handler.SimpleUrlHandlerMapping  : Mapped URL path [/webjars/**] onto handler of type [class org.springframework.web.servlet.resource.ResourceHttpRequestHandler]
2018-05-25 21:24:14.660  INFO 13740 --- [main] o.s.w.s.handler.SimpleUrlHandlerMapping  : Mapped URL path [/**] onto handler of type [class org.springframework.web.servlet.resource.ResourceHttpRequestHandler]
2018-05-25 21:24:14.776  INFO 13740 --- [main] o.s.w.s.handler.SimpleUrlHandlerMapping  : Mapped URL path [/**/favicon.ico] onto handler of type [class org.springframework.web.servlet.resource.ResourceHttpRequestHandler]
2018-05-25 21:24:15.661  INFO 13740 --- [main] o.s.j.e.a.AnnotationMBeanExporter        : Registering beans for JMX exposure on startup
2018-05-25 21:24:15.664  INFO 13740 --- [main] o.s.j.e.a.AnnotationMBeanExporter        : Bean with name 'dataSource' has been autodetected for JMX exposure
2018-05-25 21:24:15.678  INFO 13740 --- [main] o.s.j.e.a.AnnotationMBeanExporter        : Bean with name 'rabbitConnectionFactory' has been autodetected for JMX exposure
2018-05-25 21:24:15.680  INFO 13740 --- [main] o.s.j.e.a.AnnotationMBeanExporter        : Bean with name 'configurationPropertiesRebinder' has been autodetected for JMX exposure
2018-05-25 21:24:15.681  INFO 13740 --- [main] o.s.j.e.a.AnnotationMBeanExporter        : Bean with name 'environmentManager' has been autodetected for JMX exposure
2018-05-25 21:24:15.686  INFO 13740 --- [main] o.s.j.e.a.AnnotationMBeanExporter        : Bean with name 'refreshScope' has been autodetected for JMX exposure
2018-05-25 21:24:15.689  INFO 13740 --- [main] o.s.j.e.a.AnnotationMBeanExporter        : Located managed bean 'environmentManager': registering with JMX server as MBean [org.springframework.cloud.context.environment:name=environmentManager,type=EnvironmentManager]
2018-05-25 21:24:15.729  INFO 13740 --- [main] o.s.j.e.a.AnnotationMBeanExporter        : Located managed bean 'refreshScope': registering with JMX server as MBean [org.springframework.cloud.context.scope.refresh:name=refreshScope,type=RefreshScope]
2018-05-25 21:24:15.745  INFO 13740 --- [main] o.s.j.e.a.AnnotationMBeanExporter        : Located managed bean 'configurationPropertiesRebinder': registering with JMX server as MBean [org.springframework.cloud.context.properties:name=configurationPropertiesRebinder,context=21129f1f,type=ConfigurationPropertiesRebinder]
2018-05-25 21:24:15.745  INFO 13740 --- [main] o.s.j.e.a.AnnotationMBeanExporter        : Located MBean 'dataSource': registering with JMX server as MBean [com.zaxxer.hikari:name=dataSource,type=HikariDataSource]
2018-05-25 21:24:15.745  INFO 13740 --- [main] o.s.j.e.a.AnnotationMBeanExporter        : Located managed bean 'rabbitConnectionFactory': registering with JMX server as MBean [org.springframework.amqp.rabbit.connection:name=rabbitConnectionFactory,type=CachingConnectionFactory]
2018-05-25 21:24:15.776  INFO 13740 --- [main] o.s.c.support.DefaultLifecycleProcessor  : Starting beans in phase 0
2018-05-25 21:24:15.776  INFO 13740 --- [main] o.s.c.n.eureka.InstanceInfoFactory       : Setting initial instance status as: STARTING
2018-05-25 21:24:15.911  INFO 13740 --- [main] com.netflix.discovery.DiscoveryClient    : Initializing Eureka in region us-east-1
2018-05-25 21:24:16.733  INFO 13740 --- [main] c.n.d.provider.DiscoveryJerseyProvider   : Using JSON encoding codec LegacyJacksonJson
2018-05-25 21:24:16.733  INFO 13740 --- [main] c.n.d.provider.DiscoveryJerseyProvider   : Using JSON decoding codec LegacyJacksonJson
2018-05-25 21:24:17.053  INFO 13740 --- [main] c.n.d.provider.DiscoveryJerseyProvider   : Using XML encoding codec XStreamXml
2018-05-25 21:24:17.053  INFO 13740 --- [main] c.n.d.provider.DiscoveryJerseyProvider   : Using XML decoding codec XStreamXml
2018-05-25 21:24:17.334  INFO 13740 --- [main] c.n.d.s.r.aws.ConfigClusterResolver      : Resolving eureka endpoints via configuration
2018-05-25 21:24:17.615  INFO 13740 --- [main] com.netflix.discovery.DiscoveryClient    : Disable delta property : false
2018-05-25 21:24:17.615  INFO 13740 --- [main] com.netflix.discovery.DiscoveryClient    : Single vip registry refresh property : null
2018-05-25 21:24:17.615  INFO 13740 --- [main] com.netflix.discovery.DiscoveryClient    : Force full registry fetch : false
2018-05-25 21:24:17.615  INFO 13740 --- [main] com.netflix.discovery.DiscoveryClient    : Application is null : false
2018-05-25 21:24:17.615  INFO 13740 --- [main] com.netflix.discovery.DiscoveryClient    : Registered Applications size is zero : true
2018-05-25 21:24:17.615  INFO 13740 --- [main] com.netflix.discovery.DiscoveryClient    : Application version is -1: true
2018-05-25 21:24:17.615  INFO 13740 --- [main] com.netflix.discovery.DiscoveryClient    : Getting all instance registry info from the eureka server
2018-05-25 21:24:17.888  INFO 13740 --- [main] com.netflix.discovery.DiscoveryClient    : The response status is 200
2018-05-25 21:24:17.888  INFO 13740 --- [main] com.netflix.discovery.DiscoveryClient    : Starting heartbeat executor: renew interval is: 30
2018-05-25 21:24:17.888  INFO 13740 --- [main] c.n.discovery.InstanceInfoReplicator     : InstanceInfoReplicator onDemand update allowed rate per min is 4
2018-05-25 21:24:17.903  INFO 13740 --- [main] com.netflix.discovery.DiscoveryClient    : Discovery Client initialized at timestamp 1527276257903 with initial instances count: 2
2018-05-25 21:24:17.920  INFO 13740 --- [main] o.s.c.n.e.s.EurekaServiceRegistry        : Registering application CatalogMicroservice-service-client with eureka with status UP
2018-05-25 21:24:17.920  INFO 13740 --- [main] com.netflix.discovery.DiscoveryClient    : Saw local status change event StatusChangeEvent [timestamp=1527276257920, current=UP, previous=STARTING]
2018-05-25 21:24:17.923  INFO 13740 --- [DiscoveryClient-InstanceInfoReplicator-0] com.netflix.discovery.DiscoveryClient    : DiscoveryClient_CATALOGMICROSERVICE-SERVICE-CLIENT/DESKTOP-HEM34FV:CatalogMicroservice-service-client:8093: registering service...
2018-05-25 21:24:17.927  INFO 13740 --- [main] o.s.c.support.DefaultLifecycleProcessor  : Starting beans in phase 2147483647
2018-05-25 21:24:18.509  INFO 13740 --- [main] o.s.b.w.embedded.tomcat.TomcatWebServer  : Tomcat started on port(s): 8093 (http) with context path ''
2018-05-25 21:24:18.509  INFO 13740 --- [main] .s.c.n.e.s.EurekaAutoServiceRegistration : Updating port to 8093
2018-05-25 21:24:18.524  INFO 13740 --- [main] c.s.s.SweetcartCatalogApplication        : Started SweetcartCatalogApplication in 23.853 seconds (JVM running for 26.739)
2018-05-25 21:24:18.587  INFO 13740 --- [DiscoveryClient-InstanceInfoReplicator-0] com.netflix.discovery.DiscoveryClient    : DiscoveryClient_CATALOGMICROSERVICE-SERVICE-CLIENT/DESKTOP-HEM34FV:CatalogMicroservice-service-client:8093 - registration status: 204
2018-05-25 22:04:37.235  INFO 17868 --- [main] c.s.s.SweetcartCatalogApplication        : No active profile set, falling back to default profiles: default
2018-05-25 22:04:37.325  INFO 17868 --- [main] ConfigServletWebServerApplicationContext : Refreshing org.springframework.boot.web.servlet.context.AnnotationConfigServletWebServerApplicationContext@3c01cfa1: startup date [Fri May 25 22:04:37 CEST 2018]; parent: org.springframework.context.annotation.AnnotationConfigApplicationContext@6c6cb480
2018-05-25 22:04:42.634  INFO 17868 --- [main] o.s.b.f.s.DefaultListableBeanFactory     : Overriding bean definition for bean 'cakeShopController' with a different definition: replacing [Generic bean: class [com.sweetcart.sweetcart.controller.CakeShopController]; scope=singleton; abstract=false; lazyInit=false; autowireMode=0; dependencyCheck=0; autowireCandidate=true; primary=false; factoryBeanName=null; factoryMethodName=null; initMethodName=null; destroyMethodName=null; defined in file [C:\Users\Sumejja\Desktop\nwt\CatalogMicroservice\target\classes\com\sweetcart\sweetcart\controller\CakeShopController.class]] with [Root bean: class [null]; scope=; abstract=false; lazyInit=false; autowireMode=3; dependencyCheck=0; autowireCandidate=true; primary=false; factoryBeanName=sweetcartCatalogApplication; factoryMethodName=cakeShopController; initMethodName=null; destroyMethodName=(inferred); defined in com.sweetcart.sweetcart.SweetcartCatalogApplication]
2018-05-25 22:04:43.779  INFO 17868 --- [main] o.s.b.f.s.DefaultListableBeanFactory     : Overriding bean definition for bean 'dataSource' with a different definition: replacing [Root bean: class [null]; scope=refresh; abstract=false; lazyInit=false; autowireMode=3; dependencyCheck=0; autowireCandidate=false; primary=false; factoryBeanName=org.springframework.boot.autoconfigure.jdbc.DataSourceConfiguration$Hikari; factoryMethodName=dataSource; initMethodName=null; destroyMethodName=(inferred); defined in class path resource [org/springframework/boot/autoconfigure/jdbc/DataSourceConfiguration$Hikari.class]] with [Root bean: class [org.springframework.aop.scope.ScopedProxyFactoryBean]; scope=; abstract=false; lazyInit=false; autowireMode=0; dependencyCheck=0; autowireCandidate=true; primary=false; factoryBeanName=null; factoryMethodName=null; initMethodName=null; destroyMethodName=null; defined in BeanDefinition defined in class path resource [org/springframework/boot/autoconfigure/jdbc/DataSourceConfiguration$Hikari.class]]
2018-05-25 22:04:44.133  INFO 17868 --- [main] o.s.cloud.context.scope.GenericScope     : BeanFactory id=cc3b619e-d604-3dd8-bff3-5a218468c21b
2018-05-25 22:04:44.172  INFO 17868 --- [main] f.a.AutowiredAnnotationBeanPostProcessor : JSR-330 'javax.inject.Inject' annotation found and supported for autowiring
2018-05-25 22:04:44.246  INFO 17868 --- [main] trationDelegate$BeanPostProcessorChecker : Bean 'org.springframework.amqp.rabbit.annotation.RabbitBootstrapConfiguration' of type [org.springframework.amqp.rabbit.annotation.RabbitBootstrapConfiguration$$EnhancerBySpringCGLIB$$974cba80] is not eligible for getting processed by all BeanPostProcessors (for example: not eligible for auto-proxying)
2018-05-25 22:04:44.373  INFO 17868 --- [main] trationDelegate$BeanPostProcessorChecker : Bean 'org.springframework.transaction.annotation.ProxyTransactionManagementConfiguration' of type [org.springframework.transaction.annotation.ProxyTransactionManagementConfiguration$$EnhancerBySpringCGLIB$$d0e0fc52] is not eligible for getting processed by all BeanPostProcessors (for example: not eligible for auto-proxying)
2018-05-25 22:04:44.436  INFO 17868 --- [main] trationDelegate$BeanPostProcessorChecker : Bean 'org.springframework.cloud.autoconfigure.ConfigurationPropertiesRebinderAutoConfiguration' of type [org.springframework.cloud.autoconfigure.ConfigurationPropertiesRebinderAutoConfiguration$$EnhancerBySpringCGLIB$$ecfaff4f] is not eligible for getting processed by all BeanPostProcessors (for example: not eligible for auto-proxying)
2018-05-25 22:04:46.605  INFO 17868 --- [main] o.s.b.w.embedded.tomcat.TomcatWebServer  : Tomcat initialized with port(s): 8093 (http)
2018-05-25 22:04:46.886  INFO 17868 --- [main] o.apache.catalina.core.StandardService   : Starting service [Tomcat]
2018-05-25 22:04:46.888  INFO 17868 --- [main] org.apache.catalina.core.StandardEngine  : Starting Servlet Engine: Apache Tomcat/8.5.28
2018-05-25 22:04:46.980  INFO 17868 --- [localhost-startStop-1] o.a.catalina.core.AprLifecycleListener   : The APR based Apache Tomcat Native library which allows optimal performance in production environments was not found on the java.library.path: [C:\Program Files\Java\jdk1.8.0_131\bin;C:\WINDOWS\Sun\Java\bin;C:\WINDOWS\system32;C:\WINDOWS;C:\Program Files\Docker\Docker\Resources\bin;C:\app\hsumejja\product\12.2.0\client_1;C:\app\hsumejja\product\12.2.0\client_1\bin;C:\app\sumejjah\product\12.2.0\client_1;C:\app\sumejjah\product\12.2.0\client_1\bin;C:\app\sumejjah\product\12.1.0\dbhome_1\bin;C:\WINDOWS\system32;C:\WINDOWS;C:\WINDOWS\System32\Wbem;C:\WINDOWS\System32\WindowsPowerShell\v1.0\;C:\Program Files\MATLAB\R2015b\runtime\win64;C:\Program Files\MATLAB\R2015b\bin;C:\Program Files\MATLAB\R2015b\polyspace\bin;C:\Program Files\Microsoft SQL Server\120\Tools\Binn\;C:\Program Files\Microsoft SQL Server\130\Tools\Binn\;C:\Program Files (x86)\GtkSharp\2.12\bin;C:\Program Files\MySQL\MySQL Utilities 1.6\;C:\Program Files\nodejs\;C:\Program Files\dotnet\;C:\Users\Sumejja\.dnx\bin;C:\Program Files\Microsoft DNX\Dnvm\;C:\TDM-GCC-64\bin;C:\Program Files (x86)\Yarn\bin\;C:\Program Files (x86)\Java\jdk1.8.0_152\bin;C:\apache-maven-3.5.3\bin;C:\Program Files\MATLAB\MATLAB Runtime\v92\runtime\win64;C:\RailsInstaller\Git\cmd;C:\RailsInstaller\Ruby2.2.0\bin;C:\Users\Sumejja\AppData\Local\Programs\Python\Python36-32\Scripts\;C:\Users\Sumejja\AppData\Local\Programs\Python\Python36-32\;C:\Users\Sumejja\AppData\Local\Microsoft\WindowsApps;C:\Users\Sumejja\AppData\Roaming\npm;C:\Python27\;C:\Python27\Scripts;C:\Users\Sumejja\AppData\Local\Yarn\bin;C:\Program Files (x86)\Java\jdk1.8.0_152\bin;;.]
2018-05-25 22:04:49.182  INFO 17868 --- [localhost-startStop-1] o.a.c.c.C.[Tomcat].[localhost].[/]       : Initializing Spring embedded WebApplicationContext
2018-05-25 22:04:49.183  INFO 17868 --- [localhost-startStop-1] o.s.web.context.ContextLoader            : Root WebApplicationContext: initialization completed in 11858 ms
2018-05-25 22:04:49.409  INFO 17868 --- [localhost-startStop-1] o.s.b.w.servlet.ServletRegistrationBean  : Servlet dispatcherServlet mapped to [/]
2018-05-25 22:04:49.417  INFO 17868 --- [localhost-startStop-1] o.s.b.w.servlet.FilterRegistrationBean   : Mapping filter: 'characterEncodingFilter' to: [/*]
2018-05-25 22:04:49.418  INFO 17868 --- [localhost-startStop-1] o.s.b.w.servlet.FilterRegistrationBean   : Mapping filter: 'hiddenHttpMethodFilter' to: [/*]
2018-05-25 22:04:49.420  INFO 17868 --- [localhost-startStop-1] o.s.b.w.servlet.FilterRegistrationBean   : Mapping filter: 'httpPutFormContentFilter' to: [/*]
2018-05-25 22:04:49.420  INFO 17868 --- [localhost-startStop-1] o.s.b.w.servlet.FilterRegistrationBean   : Mapping filter: 'requestContextFilter' to: [/*]
2018-05-25 22:04:49.945  INFO 17868 --- [main] com.zaxxer.hikari.HikariDataSource       : HikariPool-1 - Starting...
2018-05-25 22:04:50.267  INFO 17868 --- [main] com.zaxxer.hikari.HikariDataSource       : HikariPool-1 - Start completed.
2018-05-25 22:04:50.747  INFO 17868 --- [main] j.LocalContainerEntityManagerFactoryBean : Building JPA container EntityManagerFactory for persistence unit 'default'
2018-05-25 22:04:50.835  INFO 17868 --- [main] o.hibernate.jpa.internal.util.LogHelper  : HHH000204: Processing PersistenceUnitInfo [
	name: default
	...]
2018-05-25 22:04:51.221  INFO 17868 --- [main] org.hibernate.Version                    : HHH000412: Hibernate Core {5.2.14.Final}
2018-05-25 22:04:51.224  INFO 17868 --- [main] org.hibernate.cfg.Environment            : HHH000206: hibernate.properties not found
2018-05-25 22:04:51.371  INFO 17868 --- [main] o.hibernate.annotations.common.Version   : HCANN000001: Hibernate Commons Annotations {5.0.1.Final}
2018-05-25 22:04:51.690  INFO 17868 --- [main] org.hibernate.dialect.Dialect            : HHH000400: Using dialect: org.hibernate.dialect.MySQL5Dialect
2018-05-25 22:04:52.921  INFO 17868 --- [main] j.LocalContainerEntityManagerFactoryBean : Initialized JPA EntityManagerFactory for persistence unit 'default'
2018-05-25 22:04:55.278  WARN 17868 --- [main] c.n.c.sources.URLConfigurationSource     : No URLs will be polled as dynamic configuration sources.
2018-05-25 22:04:55.279  INFO 17868 --- [main] c.n.c.sources.URLConfigurationSource     : To enable URLs as dynamic configuration sources, define System property archaius.configurationSource.additionalUrls or make config.properties available on classpath.
2018-05-25 22:04:55.287  WARN 17868 --- [main] c.n.c.sources.URLConfigurationSource     : No URLs will be polled as dynamic configuration sources.
2018-05-25 22:04:55.288  INFO 17868 --- [main] c.n.c.sources.URLConfigurationSource     : To enable URLs as dynamic configuration sources, define System property archaius.configurationSource.additionalUrls or make config.properties available on classpath.
2018-05-25 22:04:55.776  INFO 17868 --- [main] s.w.s.m.m.a.RequestMappingHandlerAdapter : Looking for @ControllerAdvice: org.springframework.boot.web.servlet.context.AnnotationConfigServletWebServerApplicationContext@3c01cfa1: startup date [Fri May 25 22:04:37 CEST 2018]; parent: org.springframework.context.annotation.AnnotationConfigApplicationContext@6c6cb480
2018-05-25 22:04:55.834  WARN 17868 --- [main] aWebConfiguration$JpaWebMvcConfiguration : spring.jpa.open-in-view is enabled by default. Therefore, database queries may be performed during view rendering. Explicitly configure spring.jpa.open-in-view to disable this warning
2018-05-25 22:04:55.917  INFO 17868 --- [main] s.w.s.m.m.a.RequestMappingHandlerMapping : Mapped "{[/cakeshops/all],methods=[GET]}" onto public org.springframework.http.ResponseEntity<java.util.Collection<com.sweetcart.sweetcart.entity.CakeShop>> com.sweetcart.sweetcart.controller.CakeShopController.findAll()
2018-05-25 22:04:55.923  INFO 17868 --- [main] s.w.s.m.m.a.RequestMappingHandlerMapping : Mapped "{[/cakeshops/{id}],methods=[DELETE]}" onto public org.springframework.http.ResponseEntity<?> com.sweetcart.sweetcart.controller.CakeShopController.deleteCakeShop(long)
2018-05-25 22:04:55.923  INFO 17868 --- [main] s.w.s.m.m.a.RequestMappingHandlerMapping : Mapped "{[/cakeshops/add],methods=[POST]}" onto public org.springframework.http.ResponseEntity<?> com.sweetcart.sweetcart.controller.CakeShopController.createCakeShop(com.sweetcart.sweetcart.entity.CakeShop,org.springframework.web.util.UriComponentsBuilder)
2018-05-25 22:04:55.924  INFO 17868 --- [main] s.w.s.m.m.a.RequestMappingHandlerMapping : Mapped "{[/cakeshops/{id}],methods=[PUT]}" onto public org.springframework.http.ResponseEntity<?> com.sweetcart.sweetcart.controller.CakeShopController.editCakeShop(long,com.sweetcart.sweetcart.entity.CakeShop)
2018-05-25 22:04:55.924  INFO 17868 --- [main] s.w.s.m.m.a.RequestMappingHandlerMapping : Mapped "{[/cakeshops],methods=[DELETE]}" onto public org.springframework.http.ResponseEntity<com.sweetcart.sweetcart.entity.CakeShop> com.sweetcart.sweetcart.controller.CakeShopController.deleteAll()
2018-05-25 22:04:55.927  INFO 17868 --- [main] s.w.s.m.m.a.RequestMappingHandlerMapping : Mapped "{[/cakeshops/{cakeshopId}],methods=[GET]}" onto org.springframework.http.ResponseEntity<?> com.sweetcart.sweetcart.controller.CakeShopController.getCakeShop(java.lang.Long)
2018-05-25 22:04:55.938  INFO 17868 --- [main] s.w.s.m.m.a.RequestMappingHandlerMapping : Mapped "{[/offers/all],methods=[GET]}" onto public org.springframework.http.ResponseEntity<java.util.Collection<com.sweetcart.sweetcart.entity.Offer>> com.sweetcart.sweetcart.controller.OfferController.findAll()
2018-05-25 22:04:55.940  INFO 17868 --- [main] s.w.s.m.m.a.RequestMappingHandlerMapping : Mapped "{[/offers],methods=[DELETE]}" onto public org.springframework.http.ResponseEntity<com.sweetcart.sweetcart.entity.Offer> com.sweetcart.sweetcart.controller.OfferController.deleteAll()
2018-05-25 22:04:55.941  INFO 17868 --- [main] s.w.s.m.m.a.RequestMappingHandlerMapping : Mapped "{[/offers/send]}" onto public java.lang.String com.sweetcart.sweetcart.controller.OfferController.sendMsg(java.lang.String)
2018-05-25 22:04:55.941  INFO 17868 --- [main] s.w.s.m.m.a.RequestMappingHandlerMapping : Mapped "{[/offers/{offerId}],methods=[GET]}" onto org.springframework.http.ResponseEntity<?> com.sweetcart.sweetcart.controller.OfferController.getOffer(java.lang.Long)
2018-05-25 22:04:55.942  INFO 17868 --- [main] s.w.s.m.m.a.RequestMappingHandlerMapping : Mapped "{[/offers/{id}],methods=[DELETE]}" onto public org.springframework.http.ResponseEntity<?> com.sweetcart.sweetcart.controller.OfferController.deleteOffer(long)
2018-05-25 22:04:55.942  INFO 17868 --- [main] s.w.s.m.m.a.RequestMappingHandlerMapping : Mapped "{[/offers/{id}],methods=[PUT]}" onto public org.springframework.http.ResponseEntity<?> com.sweetcart.sweetcart.controller.OfferController.editOffer(long,com.sweetcart.sweetcart.entity.Offer)
2018-05-25 22:04:55.943  INFO 17868 --- [main] s.w.s.m.m.a.RequestMappingHandlerMapping : Mapped "{[/offers/add],methods=[POST]}" onto public org.springframework.http.ResponseEntity<?> com.sweetcart.sweetcart.controller.OfferController.createOffer(com.sweetcart.sweetcart.entity.Offer,org.springframework.web.util.UriComponentsBuilder)
2018-05-25 22:04:55.947  INFO 17868 --- [main] s.w.s.m.m.a.RequestMappingHandlerMapping : Mapped "{[/error]}" onto public org.springframework.http.ResponseEntity<java.util.Map<java.lang.String, java.lang.Object>> org.springframework.boot.autoconfigure.web.servlet.error.BasicErrorController.error(javax.servlet.http.HttpServletRequest)
2018-05-25 22:04:55.948  INFO 17868 --- [main] s.w.s.m.m.a.RequestMappingHandlerMapping : Mapped "{[/error],produces=[text/html]}" onto public org.springframework.web.servlet.ModelAndView org.springframework.boot.autoconfigure.web.servlet.error.BasicErrorController.errorHtml(javax.servlet.http.HttpServletRequest,javax.servlet.http.HttpServletResponse)
2018-05-25 22:04:56.029  INFO 17868 --- [main] o.s.w.s.handler.SimpleUrlHandlerMapping  : Mapped URL path [/webjars/**] onto handler of type [class org.springframework.web.servlet.resource.ResourceHttpRequestHandler]
2018-05-25 22:04:56.029  INFO 17868 --- [main] o.s.w.s.handler.SimpleUrlHandlerMapping  : Mapped URL path [/**] onto handler of type [class org.springframework.web.servlet.resource.ResourceHttpRequestHandler]
2018-05-25 22:04:56.105  INFO 17868 --- [main] o.s.w.s.handler.SimpleUrlHandlerMapping  : Mapped URL path [/**/favicon.ico] onto handler of type [class org.springframework.web.servlet.resource.ResourceHttpRequestHandler]
2018-05-25 22:04:57.050  INFO 17868 --- [main] o.s.j.e.a.AnnotationMBeanExporter        : Registering beans for JMX exposure on startup
2018-05-25 22:04:57.053  INFO 17868 --- [main] o.s.j.e.a.AnnotationMBeanExporter        : Bean with name 'dataSource' has been autodetected for JMX exposure
2018-05-25 22:04:57.066  INFO 17868 --- [main] o.s.j.e.a.AnnotationMBeanExporter        : Bean with name 'rabbitConnectionFactory' has been autodetected for JMX exposure
2018-05-25 22:04:57.068  INFO 17868 --- [main] o.s.j.e.a.AnnotationMBeanExporter        : Bean with name 'configurationPropertiesRebinder' has been autodetected for JMX exposure
2018-05-25 22:04:57.069  INFO 17868 --- [main] o.s.j.e.a.AnnotationMBeanExporter        : Bean with name 'environmentManager' has been autodetected for JMX exposure
2018-05-25 22:04:57.073  INFO 17868 --- [main] o.s.j.e.a.AnnotationMBeanExporter        : Bean with name 'refreshScope' has been autodetected for JMX exposure
2018-05-25 22:04:57.077  INFO 17868 --- [main] o.s.j.e.a.AnnotationMBeanExporter        : Located managed bean 'environmentManager': registering with JMX server as MBean [org.springframework.cloud.context.environment:name=environmentManager,type=EnvironmentManager]
2018-05-25 22:04:57.099  INFO 17868 --- [main] o.s.j.e.a.AnnotationMBeanExporter        : Located managed bean 'refreshScope': registering with JMX server as MBean [org.springframework.cloud.context.scope.refresh:name=refreshScope,type=RefreshScope]
2018-05-25 22:04:57.115  INFO 17868 --- [main] o.s.j.e.a.AnnotationMBeanExporter        : Located managed bean 'configurationPropertiesRebinder': registering with JMX server as MBean [org.springframework.cloud.context.properties:name=configurationPropertiesRebinder,context=3c01cfa1,type=ConfigurationPropertiesRebinder]
2018-05-25 22:04:57.125  INFO 17868 --- [main] o.s.j.e.a.AnnotationMBeanExporter        : Located MBean 'dataSource': registering with JMX server as MBean [com.zaxxer.hikari:name=dataSource,type=HikariDataSource]
2018-05-25 22:04:57.131  INFO 17868 --- [main] o.s.j.e.a.AnnotationMBeanExporter        : Located managed bean 'rabbitConnectionFactory': registering with JMX server as MBean [org.springframework.amqp.rabbit.connection:name=rabbitConnectionFactory,type=CachingConnectionFactory]
2018-05-25 22:04:57.166  INFO 17868 --- [main] o.s.c.support.DefaultLifecycleProcessor  : Starting beans in phase 0
2018-05-25 22:04:57.181  INFO 17868 --- [main] o.s.c.n.eureka.InstanceInfoFactory       : Setting initial instance status as: STARTING
2018-05-25 22:04:57.314  INFO 17868 --- [main] com.netflix.discovery.DiscoveryClient    : Initializing Eureka in region us-east-1
2018-05-25 22:04:58.372  INFO 17868 --- [main] c.n.d.provider.DiscoveryJerseyProvider   : Using JSON encoding codec LegacyJacksonJson
2018-05-25 22:04:58.374  INFO 17868 --- [main] c.n.d.provider.DiscoveryJerseyProvider   : Using JSON decoding codec LegacyJacksonJson
2018-05-25 22:04:58.778  INFO 17868 --- [main] c.n.d.provider.DiscoveryJerseyProvider   : Using XML encoding codec XStreamXml
2018-05-25 22:04:58.781  INFO 17868 --- [main] c.n.d.provider.DiscoveryJerseyProvider   : Using XML decoding codec XStreamXml
2018-05-25 22:04:59.285  INFO 17868 --- [main] c.n.d.s.r.aws.ConfigClusterResolver      : Resolving eureka endpoints via configuration
2018-05-25 22:04:59.735  INFO 17868 --- [main] com.netflix.discovery.DiscoveryClient    : Disable delta property : false
2018-05-25 22:04:59.736  INFO 17868 --- [main] com.netflix.discovery.DiscoveryClient    : Single vip registry refresh property : null
2018-05-25 22:04:59.740  INFO 17868 --- [main] com.netflix.discovery.DiscoveryClient    : Force full registry fetch : false
2018-05-25 22:04:59.741  INFO 17868 --- [main] com.netflix.discovery.DiscoveryClient    : Application is null : false
2018-05-25 22:04:59.745  INFO 17868 --- [main] com.netflix.discovery.DiscoveryClient    : Registered Applications size is zero : true
2018-05-25 22:04:59.745  INFO 17868 --- [main] com.netflix.discovery.DiscoveryClient    : Application version is -1: true
2018-05-25 22:04:59.749  INFO 17868 --- [main] com.netflix.discovery.DiscoveryClient    : Getting all instance registry info from the eureka server
2018-05-25 22:05:00.129  INFO 17868 --- [main] com.netflix.discovery.DiscoveryClient    : The response status is 200
2018-05-25 22:05:00.134  INFO 17868 --- [main] com.netflix.discovery.DiscoveryClient    : Starting heartbeat executor: renew interval is: 30
2018-05-25 22:05:00.138  INFO 17868 --- [main] c.n.discovery.InstanceInfoReplicator     : InstanceInfoReplicator onDemand update allowed rate per min is 4
2018-05-25 22:05:00.146  INFO 17868 --- [main] com.netflix.discovery.DiscoveryClient    : Discovery Client initialized at timestamp 1527278700145 with initial instances count: 3
2018-05-25 22:05:00.160  INFO 17868 --- [main] o.s.c.n.e.s.EurekaServiceRegistry        : Registering application CatalogMicroservice-service-client with eureka with status UP
2018-05-25 22:05:00.160  INFO 17868 --- [main] com.netflix.discovery.DiscoveryClient    : Saw local status change event StatusChangeEvent [timestamp=1527278700160, current=UP, previous=STARTING]
2018-05-25 22:05:00.162  INFO 17868 --- [DiscoveryClient-InstanceInfoReplicator-0] com.netflix.discovery.DiscoveryClient    : DiscoveryClient_CATALOGMICROSERVICE-SERVICE-CLIENT/DESKTOP-HEM34FV:CatalogMicroservice-service-client:8093: registering service...
2018-05-25 22:05:00.749  INFO 17868 --- [main] o.s.c.support.DefaultLifecycleProcessor  : Starting beans in phase 2147483647
2018-05-25 22:05:00.822  INFO 17868 --- [DiscoveryClient-InstanceInfoReplicator-0] com.netflix.discovery.DiscoveryClient    : DiscoveryClient_CATALOGMICROSERVICE-SERVICE-CLIENT/DESKTOP-HEM34FV:CatalogMicroservice-service-client:8093 - registration status: 204
2018-05-25 22:05:00.822  INFO 17868 --- [main] o.s.b.w.embedded.tomcat.TomcatWebServer  : Tomcat started on port(s): 8093 (http) with context path ''
2018-05-25 22:05:00.824  INFO 17868 --- [main] .s.c.n.e.s.EurekaAutoServiceRegistration : Updating port to 8093
2018-05-25 22:05:00.830  INFO 17868 --- [main] c.s.s.SweetcartCatalogApplication        : Started SweetcartCatalogApplication in 35.45 seconds (JVM running for 40.064)
